<?xml version="1.0" encoding="UTF-8"?>
<!-- Generated by org.testng.reporters.JUnitReportReporter -->
<testsuite hostname="DESKTOP-NS38PK1" failures="0" tests="4" name="org.TestNGSpecialCase.PriorityClassData" time="0.032" errors="0" timestamp="06 Feb 2024 19:51:43 GMT" skipped="1">
  <testcase classname="org.TestNGSpecialCase.PriorityClassData" name="tc_3" time="0.024"/>
  <testcase classname="org.TestNGSpecialCase.PriorityClassData" name="tc_4" time="0.004"/>
  <testcase classname="org.TestNGSpecialCase.PriorityClassData" name="tc_1" time="0.004"/>
  <testcase classname="org.TestNGSpecialCase.PriorityClassData" name="tc_2">
    <skipped/>
  </testcase> <!-- tc_2 -->
</testsuite> <!-- org.TestNGSpecialCase.PriorityClassData -->
