<?xml version="1.0" encoding="UTF-8"?>
<!-- Generated by org.testng.reporters.JUnitReportReporter -->
<testsuite hostname="DESKTOP-NS38PK1" failures="0" tests="1" name="RedBusDate" time="19.765" errors="0" timestamp="09 Feb 2024 16:16:10 GMT" skipped="0">
  <testcase classname="RedBusDate" name="dateBtn" time="19.765"/>
</testsuite> <!-- RedBusDate -->
