<?xml version="1.0" encoding="UTF-8"?>
<!-- Generated by org.testng.reporters.JUnitReportReporter -->
<testsuite hostname="DESKTOP-NS38PK1" failures="0" tests="2" name="org.TestNGSpecialCase.MoibleCompanyInclude" time="0.004" errors="0" timestamp="07 Feb 2024 04:02:44 GMT" skipped="0">
  <testcase classname="org.TestNGSpecialCase.MoibleCompanyInclude" name="moibleSamung" time="0.002"/>
  <testcase classname="org.TestNGSpecialCase.MoibleCompanyInclude" name="moibleLava" time="0.002"/>
</testsuite> <!-- org.TestNGSpecialCase.MoibleCompanyInclude -->
