<?xml version="1.0" encoding="UTF-8"?>
<!-- Generated by org.testng.reporters.JUnitReportReporter -->
<testsuite hostname="DESKTOP-NS38PK1" failures="0" tests="2" name="org.TestNGSpecialCase.CarComapnyExculde" time="0.037" errors="0" timestamp="07 Feb 2024 04:02:44 GMT" skipped="0">
  <testcase classname="org.TestNGSpecialCase.CarComapnyExculde" name="carThar" time="0.003"/>
  <testcase classname="org.TestNGSpecialCase.CarComapnyExculde" name="carFerrai" time="0.034"/>
</testsuite> <!-- org.TestNGSpecialCase.CarComapnyExculde -->
