<?xml version="1.0" encoding="UTF-8"?>
<!-- Generated by org.testng.reporters.JUnitReportReporter -->
<testsuite hostname="DESKTOP-NS38PK1" failures="0" tests="1" name="TestngAnnotation" time="0.011" errors="0" timestamp="05 Feb 2024 18:52:09 GMT" skipped="0">
  <testcase classname="TestngAnnotation" name="tc_5" time="0.011"/>
</testsuite> <!-- TestngAnnotation -->
