<?xml version="1.0" encoding="UTF-8"?>
<!-- Generated by org.testng.reporters.JUnitReportReporter -->
<testsuite hostname="DESKTOP-NS38PK1" failures="0" tests="2" name="org.TestNGSpecialCase.DataProviderClass" time="18.525" errors="0" timestamp="08 Feb 2024 18:59:09 GMT" skipped="0">
  <testcase classname="org.TestNGSpecialCase.DataProviderClass" name="fbLogin" time="9.035"/>
  <testcase classname="org.TestNGSpecialCase.DataProviderClass" name="fbLogin" time="9.490"/>
</testsuite> <!-- org.TestNGSpecialCase.DataProviderClass -->
