<?xml version="1.0" encoding="UTF-8"?>
<!-- Generated by org.testng.reporters.JUnitReportReporter -->
<testsuite hostname="DESKTOP-NS38PK1" failures="0" tests="1" name="org.TestNGSpecialCase.SoftAssertClass" time="13.253" errors="0" timestamp="09 Feb 2024 21:51:24 GMT" skipped="0">
  <testcase classname="org.TestNGSpecialCase.SoftAssertClass" name="fbPage" time="13.253"/>
</testsuite> <!-- org.TestNGSpecialCase.SoftAssertClass -->
