<?xml version="1.0" encoding="UTF-8"?>
<!-- Generated by org.testng.reporters.JUnitReportReporter -->
<testsuite hostname="DESKTOP-NS38PK1" failures="0" tests="4" name="org.TestNGSpecialCase.MoibleClass" time="0.040" errors="0" timestamp="07 Feb 2024 04:10:03 GMT" skipped="0">
  <testcase classname="org.TestNGSpecialCase.MoibleClass" name="moibleIphone" time="0.017"/>
  <testcase classname="org.TestNGSpecialCase.MoibleClass" name="moibleSamung" time="0.010"/>
  <testcase classname="org.TestNGSpecialCase.MoibleClass" name="moibleMortola" time="0.004"/>
  <testcase classname="org.TestNGSpecialCase.MoibleClass" name="moibleLava" time="0.009"/>
</testsuite> <!-- org.TestNGSpecialCase.MoibleClass -->
